C51 COMPILER V9.50a   P2                                                                   04/01/2016 07:43:04 PAGE 1   


C51 COMPILER V9.50a, COMPILATION OF MODULE P2
OBJECT MODULE PLACED IN p2.OBJ
COMPILER INVOKED BY: C:\Keil4\C51\BIN\C51.EXE p2.c BROWSE DEBUG OBJECTEXTEND TABS(2)

line level    source

   1          #include<reg51.h>
   2          sbit LED = P2^0;
   3          
   4          void t0_ha(void) interrupt 1
   5          {
   6   1        LED=~LED;
   7   1        TH0=0x3c;
   8   1        TL0=0xAF;
   9   1      }
  10          main()
  11          {
  12   1      unsigned char i;
  13   1        TMOD=0x01;
  14   1        TH0=0x3c;
  15   1        TL0=0xAF;
  16   1        TR0=1;
  17   1        ET0=EA=1;
  18   1        
  19   1        while(1)
  20   1        {
  21   2          for(i=0;i<8;i++)
  22   2            P1=(1<<i);
  23   2        }
  24   1      }


MODULE INFORMATION:   STATIC OVERLAYABLE
   CODE SIZE        =     45    ----
   CONSTANT SIZE    =   ----    ----
   XDATA SIZE       =   ----    ----
   PDATA SIZE       =   ----    ----
   DATA SIZE        =   ----    ----
   IDATA SIZE       =   ----    ----
   BIT SIZE         =   ----    ----
END OF MODULE INFORMATION.


C51 COMPILATION COMPLETE.  0 WARNING(S),  0 ERROR(S)
