C51 COMPILER V9.50a   SPI_MAIN                                                             04/10/2016 13:08:11 PAGE 1   


C51 COMPILER V9.50a, COMPILATION OF MODULE SPI_MAIN
OBJECT MODULE PLACED IN spi_main.OBJ
COMPILER INVOKED BY: C:\Keil4\C51\BIN\C51.EXE spi_main.c BROWSE DEBUG OBJECTEXTEND

line level    source

   1          #include<reg51.h>
   2          #include"delay.h"
   3          #include"lcd8bit.h"
   4          #include"adcspi.h"
   5          
   6          main()
   7          {
   8   1      float temp;
   9   1      lcd_init();
  10   1      while(1)
  11   1      {
  12   2      temp=read_adc();
  13   2      lcd_cmd(0x01);
  14   2      lcd_float(temp);
  15   2      }
  16   1      }


MODULE INFORMATION:   STATIC OVERLAYABLE
   CODE SIZE        =    966    ----
   CONSTANT SIZE    =   ----    ----
   XDATA SIZE       =   ----    ----
   PDATA SIZE       =   ----    ----
   DATA SIZE        =   ----      23
   IDATA SIZE       =   ----    ----
   BIT SIZE         =   ----    ----
END OF MODULE INFORMATION.


C51 COMPILATION COMPLETE.  0 WARNING(S),  0 ERROR(S)
