C51 COMPILER V9.50a   CLCMAIN                                                              03/24/2016 14:15:30 PAGE 1   


C51 COMPILER V9.50a, COMPILATION OF MODULE CLCMAIN
OBJECT MODULE PLACED IN clcmain.OBJ
COMPILER INVOKED BY: C:\Keil4\C51\BIN\C51.EXE clcmain.c BROWSE DEBUG OBJECTEXTEND TABS(2)

line level    source

   1          #include<reg51.h>
   2          #include"delay.h"
   3          #include"keypad.h"
*** WARNING C318 IN LINE 3 OF clcmain.c: can't open file 'keypad.h'
   4          #include"lcd8bit.h"
   5          #include"prog.h"
   6          
   7          main()
   8          {
   9   1      float n1=0;
  10   1      float n2=0;
  11   1      unsigned char op;
  12   1      float ans=0;
  13   1      unsigned int num=0;
  14   1      
  15   1      lcd_init();
  16   1      
  17   1      lcd_string("n1=");
  18   1      
  19   1      while(num<10)
  20   1      {
  21   2        num=keyscan();
*** WARNING C206 IN LINE 21 OF clcmain.c: 'keyscan': missing function-prototype
  22   2        if(num<10)
  23   2        {
  24   3        lcd_int(num);
  25   3        n1=n1*10+num;
  26   3        }
  27   2      }
  28   1      op=num;
  29   1      num=0;
  30   1      lcd_cmd(0x01);
  31   1      lcd_string("n2=");
  32   1      while(num<10)
  33   1      {
  34   2        num=keyscan();
  35   2        if(num<10)
  36   2        {
  37   3          lcd_int(num);
  38   3          n2=n2*10+num;
  39   3        }
  40   2      }
  41   1      
  42   1      ans=calc(n1,n2,op);
  43   1      
  44   1      lcd_cmd(0x01);
  45   1      lcd_float(n1);
  46   1      lcd_data(op);
  47   1      lcd_float(n2);
  48   1      lcd_cmd(0xc0);
  49   1      lcd_float(ans);
  50   1      delay_ms(10000);
  51   1      }
*** WARNING C291 IN LINE 22 OF clcmain.c: not every exit path returns a value
*** WARNING C290 IN LINE 51 OF clcmain.c: missing return value
C51 COMPILER V9.50a   CLCMAIN                                                              03/24/2016 14:15:30 PAGE 2   



MODULE INFORMATION:   STATIC OVERLAYABLE
   CODE SIZE        =   1239    ----
   CONSTANT SIZE    =      8    ----
   XDATA SIZE       =   ----    ----
   PDATA SIZE       =   ----    ----
   DATA SIZE        =   ----      36
   IDATA SIZE       =   ----    ----
   BIT SIZE         =   ----    ----
END OF MODULE INFORMATION.


C51 COMPILATION COMPLETE.  4 WARNING(S),  0 ERROR(S)
