C51 COMPILER V9.50a   P2_RTC                                                               04/02/2016 08:39:59 PAGE 1   


C51 COMPILER V9.50a, COMPILATION OF MODULE P2_RTC
OBJECT MODULE PLACED IN p2_rtc.OBJ
COMPILER INVOKED BY: C:\Keil4\C51\BIN\C51.EXE p2_rtc.c BROWSE DEBUG OBJECTEXTEND TABS(2)

line level    source

   1          #include<reg51.h>
   2          #include"delay.h"
   3          #include"lcd8bit.h"
   4          #include"i2c.h"
*** WARNING C173 IN LINE 14 OF i2c.h: missing return-expression
   5          #include"i2c_device.h"
   6          #include<string.h>
   7          
   8          main()
   9          {
  10   1      unsigned char temp;
  11   1        lcd_init();
  12   1        
  13   1        i2c_device_write(0xD0,0x00,0x10);
  14   1      while(1)
  15   1      {
  16   2      temp=i2c_device_read(0xD0,0x00);
  17   2        lcd_cmd(0x80);
  18   2        lcd_data(temp/16+48);
  19   2        lcd_data(temp%16+48);
  20   2      }
  21   1      }
*** WARNING C290 IN LINE 14 OF p2_rtc.c: missing return value


MODULE INFORMATION:   STATIC OVERLAYABLE
   CODE SIZE        =    690    ----
   CONSTANT SIZE    =   ----    ----
   XDATA SIZE       =   ----    ----
   PDATA SIZE       =   ----    ----
   DATA SIZE        =   ----      34
   IDATA SIZE       =   ----    ----
   BIT SIZE         =   ----    ----
END OF MODULE INFORMATION.


C51 COMPILATION COMPLETE.  2 WARNING(S),  0 ERROR(S)
