C51 COMPILER V9.50a   P1_EEPROM                                                            04/02/2016 08:37:59 PAGE 1   


C51 COMPILER V9.50a, COMPILATION OF MODULE P1_EEPROM
OBJECT MODULE PLACED IN p1_eeprom.OBJ
COMPILER INVOKED BY: C:\Keil4\C51\BIN\C51.EXE p1_eeprom.c BROWSE DEBUG OBJECTEXTEND TABS(2)

line level    source

   1          #include<reg51.h>
   2          #include"delay.h"
   3          #include"lcd8bit.h"
   4          #include"i2c.h"
*** WARNING C173 IN LINE 14 OF i2c.h: missing return-expression
   5          #include"i2c_device.h"
   6          #include<string.h>
   7          
   8          code unsigned char a[]="vector";
   9          main()
  10          {
  11   1      unsigned char temp;
  12   1      unsigned char i=0;
  13   1      unsigned char WA=0x00;
  14   1        
  15   1        lcd_init();
  16   1        lcd_cmd(0x01);
  17   1        while(a[i])
  18   1        {
  19   2          i2c_device_write(0xA0,WA+i,a[i]);
  20   2          i++;
  21   2        }
  22   1        i2c_device_write(0xA0,WA+i,'\0');
  23   1      
  24   1        i=0;
  25   1        do
  26   1        {
  27   2            temp=i2c_device_read(0xA0,WA+i);
  28   2            if(temp)
  29   2              lcd_data(temp);
  30   2            i++;
  31   2        }while(temp);
  32   1        
  33   1        while(1);
  34   1        }
*** WARNING C290 IN LINE 14 OF p1_eeprom.c: missing return value


MODULE INFORMATION:   STATIC OVERLAYABLE
   CODE SIZE        =    719    ----
   CONSTANT SIZE    =      7    ----
   XDATA SIZE       =   ----    ----
   PDATA SIZE       =   ----    ----
   DATA SIZE        =   ----      36
   IDATA SIZE       =   ----    ----
   BIT SIZE         =   ----    ----
END OF MODULE INFORMATION.


C51 COMPILATION COMPLETE.  2 WARNING(S),  0 ERROR(S)
