C51 COMPILER V9.50a   U3_ARRY_ENTER_PRINT_LCD                                              03/24/2016 11:30:25 PAGE 1   


C51 COMPILER V9.50a, COMPILATION OF MODULE U3_ARRY_ENTER_PRINT_LCD
OBJECT MODULE PLACED IN u3_arry_enter_print-lcd.OBJ
COMPILER INVOKED BY: C:\Keil4\C51\BIN\C51.EXE u3_arry_enter_print-lcd.c BROWSE DEBUG OBJECTEXTEND TABS(2)

line level    source

   1          #include<reg51.h>
   2          #include"uart.h"
   3          #include"delay.h"
   4          #include"lcd8bit.h"
   5          
   6          main()
   7          {
   8   1      unsigned char temp;
   9   1      unsigned char a[10];
  10   1        unsigned char i=0;
  11   1      
  12   1        uart_init();
  13   1      lcd_init();
  14   1      
  15   1        do
  16   1        {   
  17   2          temp=uart_rx();
  18   2          uart_tx(temp);
  19   2          a[i++]=temp;
  20   2          lcd_cmd(0x01);
  21   2          lcd_data(temp);
  22   2          lcd_cmd(0x85);
  23   2          lcd_int(temp);
  24   2          lcd_cmd(0x89);
  25   2          lcd_string("0x");
  26   2          lcd_hex(temp);
  27   2          delay_ms(1000);
  28   2        }while(temp!=13);
  29   1        a[--i]='\0';
  30   1        lcd_cmd(0xc0);
  31   1        lcd_string(a);
  32   1        delay_ms(5000);
  33   1      }
*** WARNING C290 IN LINE 33 OF u3_arry_enter_print-lcd.c: missing return value


MODULE INFORMATION:   STATIC OVERLAYABLE
   CODE SIZE        =    963    ----
   CONSTANT SIZE    =      3    ----
   XDATA SIZE       =   ----    ----
   PDATA SIZE       =   ----    ----
   DATA SIZE        =   ----      31
   IDATA SIZE       =   ----    ----
   BIT SIZE         =   ----    ----
END OF MODULE INFORMATION.


C51 COMPILATION COMPLETE.  1 WARNING(S),  0 ERROR(S)
