C51 COMPILER V9.50a   U4                                                                   03/24/2016 12:02:17 PAGE 1   


C51 COMPILER V9.50a, COMPILATION OF MODULE U4
OBJECT MODULE PLACED IN u4.OBJ
COMPILER INVOKED BY: C:\Keil4\C51\BIN\C51.EXE u4.c BROWSE DEBUG OBJECTEXTEND TABS(2)

line level    source

   1          #include<reg51.h>
   2          
   3          #include"delay.h"
   4          #include"lcd8bit.h"
   5          #include"uart.h"
   6          
   7          main()
   8          
   9          {
  10   1      unsigned char temp;
  11   1        uart_init();
  12   1        uart_string("vector \r\ninstitute\r\n");
  13   1        while(1);
  14   1      }
*** WARNING C280 IN LINE 10 OF u4.c: 'temp': unreferenced local variable


MODULE INFORMATION:   STATIC OVERLAYABLE
   CODE SIZE        =   1609    ----
   CONSTANT SIZE    =     21    ----
   XDATA SIZE       =   ----    ----
   PDATA SIZE       =   ----    ----
   DATA SIZE        =   ----      39
   IDATA SIZE       =   ----    ----
   BIT SIZE         =   ----    ----
END OF MODULE INFORMATION.


C51 COMPILATION COMPLETE.  1 WARNING(S),  0 ERROR(S)
