C51 COMPILER V9.50a   U5_CALCULATOR                                                        03/24/2016 14:44:58 PAGE 1   


C51 COMPILER V9.50a, COMPILATION OF MODULE U5_CALCULATOR
OBJECT MODULE PLACED IN u5_calculator.OBJ
COMPILER INVOKED BY: C:\Keil4\C51\BIN\C51.EXE u5_calculator.c BROWSE DEBUG OBJECTEXTEND TABS(2)

line level    source

   1          #include<reg51.h>
   2          #include "delay.h"
   3          #include "prog.h"
   4          #include "uart.h"
   5          
   6          main()
   7          {
   8   1      float n1=0;
   9   1      float n2=0;
  10   1      unsigned char op;
  11   1      float ans=0;
  12   1      unsigned int num=0;
  13   1      
  14   1      uart_init();
  15   1        uart_string("Enter the expresion=");
  16   1      
  17   1      do
  18   1      {
  19   2        num=uart_rx();
  20   2        num=num-48;
  21   2        if(num<10)
  22   2        {
  23   3        uart_int(num);
  24   3        n1=n1*10+num;
  25   3        }
  26   2      }while(num<10);
  27   1      //uart_string("\n");
  28   1      //uart_int(n1);
  29   1      n2=0;
  30   1      op=num+48;
  31   1      uart_tx(op);
  32   1      num=0;
  33   1      
  34   1      do
  35   1      {
  36   2        num=uart_rx();
  37   2        num=num-48;
  38   2        if(num<10)
  39   2        {
  40   3          uart_int(num);
  41   3          n2=n2*10+num;
  42   3        }
  43   2      }while(num<10);
  44   1      //uart_string("\n");
  45   1      //uart_int(n1);
  46   1      
  47   1      ans=calc(n1,n2,op);
  48   1      uart_string("\n");
  49   1      
  50   1      uart_float(n1);
  51   1      uart_string(" ");
  52   1      
  53   1      uart_tx(op);
  54   1      uart_string(" ");
  55   1      
C51 COMPILER V9.50a   U5_CALCULATOR                                                        03/24/2016 14:44:58 PAGE 2   

  56   1      uart_float(n2);
  57   1      uart_string(" ");
  58   1      
  59   1      uart_tx('=');
  60   1      uart_string(" ");
  61   1      
  62   1      uart_float(ans);
  63   1      uart_string("\n");
  64   1      
  65   1      
  66   1      }
*** WARNING C291 IN LINE 22 OF u5_calculator.c: not every exit path returns a value
*** WARNING C290 IN LINE 66 OF u5_calculator.c: missing return value


MODULE INFORMATION:   STATIC OVERLAYABLE
   CODE SIZE        =   1309    ----
   CONSTANT SIZE    =     25    ----
   XDATA SIZE       =   ----    ----
   PDATA SIZE       =   ----    ----
   DATA SIZE        =   ----      43
   IDATA SIZE       =   ----    ----
   BIT SIZE         =   ----    ----
END OF MODULE INFORMATION.


C51 COMPILATION COMPLETE.  2 WARNING(S),  0 ERROR(S)
