C51 COMPILER V9.50a   P1                                                                   03/27/2016 14:48:20 PAGE 1   


C51 COMPILER V9.50a, COMPILATION OF MODULE P1
OBJECT MODULE PLACED IN p1.OBJ
COMPILER INVOKED BY: C:\Keil4\C51\BIN\C51.EXE p1.c BROWSE DEBUG OBJECTEXTEND

line level    source

   1          #include<reg51.h>
   2          #include"delay.h"
   3          
   4          void EX0_HANDLEAR(void) interrupt 0
   5          {
   6   1                      LED=~LED;
*** ERROR C202 IN LINE 6 OF p1.c: 'LED': undefined identifier
   7   1      }
   8          
   9          main()
  10          {
  11   1      unsigned char i;
  12   1      IE=0x81;
  13   1      while(1)
  14   1      for(i=0;i<8;i++)
  15   1      {
  16   2              delay_ms(5000);
  17   2              P1=(1<<i);
  18   2      }
  19   1      }

C51 COMPILATION COMPLETE.  0 WARNING(S),  1 ERROR(S)
